<?xml version="1.0" encoding="UTF-8"?>
<!-- Generated by org.testng.reporters.JUnitReportReporter -->
<testsuite hostname="DESKTOP-3BDBSD1" failures="0" tests="1" name="com.cdn.testcases.BankMangerLoginTest" time="1.323" errors="0" timestamp="2025-03-13T00:39:31 IST" skipped="0">
  <testcase classname="com.cdn.testcases.BankMangerLoginTest" name="loginTestForBankManager" time="1.323">
    <system-out>
      <![CDATA[Verify failure: expected [xyz] but found [abc]
</br>
<a target="_blank" href=Thu_Mar_13_00_39_20_IST_2025.jpg><img height=200 width=200 src=Thu_Mar_13_00_39_20_IST_2025.jpg></img></a>
</br>]]>
    </system-out>
  </testcase> <!-- loginTestForBankManager -->
  <system-out>
    <![CDATA[Verify failure: expected [xyz] but found [abc]
</br>
<a target="_blank" href=Thu_Mar_13_00_39_20_IST_2025.jpg><img height=200 width=200 src=Thu_Mar_13_00_39_20_IST_2025.jpg></img></a>
</br>]]>
  </system-out>
</testsuite> <!-- com.cdn.testcases.BankMangerLoginTest -->
