<?xml version="1.0" encoding="UTF-8"?>
<!-- Generated by org.testng.reporters.JUnitReportReporter -->
<testsuite hostname="DESKTOP-3BDBSD1" failures="0" tests="3" name="com.cdn.testcases.AddCustomersTest" time="2.963" errors="0" timestamp="2025-03-13T00:39:31 IST" skipped="0">
  <testcase classname="com.cdn.testcases.AddCustomersTest" name="addCustomerTest" time="0.756"/>
  <testcase classname="com.cdn.testcases.AddCustomersTest" name="addCustomerTest" time="1.596"/>
  <testcase classname="com.cdn.testcases.AddCustomersTest" name="addCustomerTest" time="0.611"/>
  <system-out>
    <![CDATA[Verify failure: expected [xyz] but found [abc]
</br>
<a target="_blank" href=Thu_Mar_13_00_39_20_IST_2025.jpg><img height=200 width=200 src=Thu_Mar_13_00_39_20_IST_2025.jpg></img></a>
</br>]]>
  </system-out>
</testsuite> <!-- com.cdn.testcases.AddCustomersTest -->
